<?xml version="1.0" encoding="UTF-8"?>
<coverage generated="1655704334171" clover="3.2.0">
  <project timestamp="1655704334171" name="All files">
    <metrics statements="48" coveredstatements="24" conditionals="8" coveredconditionals="2" methods="18" coveredmethods="5" elements="74" coveredelements="31" complexity="0" loc="48" ncloc="48" packages="3" files="5" classes="5"/>
    <package name="components">
      <metrics statements="26" coveredstatements="13" conditionals="4" coveredconditionals="2" methods="10" coveredmethods="2"/>
      <file name="ErrorMessage.tsx" path="/Users/juepark/react-practice-form/src/components/ErrorMessage.tsx">
        <metrics statements="3" coveredstatements="3" conditionals="0" coveredconditionals="0" methods="1" coveredmethods="1"/>
        <line num="3" count="1" type="stmt"/>
        <line num="4" count="2" type="stmt"/>
        <line num="17" count="1" type="stmt"/>
      </file>
      <file name="SimpleForm.tsx" path="/Users/juepark/react-practice-form/src/components/SimpleForm.tsx">
        <metrics statements="16" coveredstatements="4" conditionals="2" coveredconditionals="0" methods="7" coveredmethods="0"/>
        <line num="1" count="1" type="stmt"/>
        <line num="3" count="1" type="stmt"/>
        <line num="10" count="1" type="stmt"/>
        <line num="11" count="0" type="stmt"/>
        <line num="12" count="0" type="stmt"/>
        <line num="13" count="0" type="stmt"/>
        <line num="14" count="0" type="stmt"/>
        <line num="17" count="0" type="stmt"/>
        <line num="18" count="0" type="stmt"/>
        <line num="21" count="0" type="stmt"/>
        <line num="22" count="0" type="stmt"/>
        <line num="23" count="0" type="cond" truecount="0" falsecount="2"/>
        <line num="24" count="0" type="stmt"/>
        <line num="26" count="0" type="stmt"/>
        <line num="30" count="0" type="stmt"/>
        <line num="42" count="1" type="stmt"/>
      </file>
      <file name="TextField.tsx" path="/Users/juepark/react-practice-form/src/components/TextField.tsx">
        <metrics statements="7" coveredstatements="6" conditionals="2" coveredconditionals="2" methods="2" coveredmethods="1"/>
        <line num="3" count="1" type="stmt"/>
        <line num="4" count="1" type="stmt"/>
        <line num="6" count="1" type="stmt"/>
        <line num="13" count="2" type="stmt"/>
        <line num="14" count="2" type="stmt"/>
        <line num="21" count="0" type="stmt"/>
        <line num="32" count="1" type="stmt"/>
      </file>
    </package>
    <package name="hooks">
      <metrics statements="14" coveredstatements="7" conditionals="2" coveredconditionals="0" methods="4" coveredmethods="1"/>
      <file name="useInput.tsx" path="/Users/juepark/react-practice-form/src/hooks/useInput.tsx">
        <metrics statements="14" coveredstatements="7" conditionals="2" coveredconditionals="0" methods="4" coveredmethods="1"/>
        <line num="2" count="1" type="stmt"/>
        <line num="3" count="1" type="stmt"/>
        <line num="8" count="2" type="stmt"/>
        <line num="10" count="2" type="stmt"/>
        <line num="11" count="0" type="stmt"/>
        <line num="12" count="0" type="stmt"/>
        <line num="13" count="0" type="cond" truecount="0" falsecount="2"/>
        <line num="14" count="0" type="stmt"/>
        <line num="16" count="0" type="stmt"/>
        <line num="19" count="2" type="stmt"/>
        <line num="21" count="0" type="stmt"/>
        <line num="25" count="0" type="stmt"/>
        <line num="33" count="2" type="stmt"/>
        <line num="36" count="1" type="stmt"/>
      </file>
    </package>
    <package name="utils">
      <metrics statements="8" coveredstatements="4" conditionals="2" coveredconditionals="0" methods="4" coveredmethods="2"/>
      <file name="validationUtil.ts" path="/Users/juepark/react-practice-form/src/utils/validationUtil.ts">
        <metrics statements="8" coveredstatements="4" conditionals="2" coveredconditionals="0" methods="4" coveredmethods="2"/>
        <line num="1" count="1" type="stmt"/>
        <line num="2" count="2" type="stmt"/>
        <line num="3" count="0" type="cond" truecount="0" falsecount="1"/>
        <line num="4" count="0" type="stmt"/>
        <line num="7" count="1" type="stmt"/>
        <line num="8" count="2" type="stmt"/>
        <line num="9" count="0" type="cond" truecount="0" falsecount="1"/>
        <line num="10" count="0" type="stmt"/>
      </file>
    </package>
  </project>
</coverage>
