<?xml version="1.0" encoding="UTF-8"?>
<coverage generated="1655773069657" clover="3.2.0">
  <project timestamp="1655773069657" name="All files">
    <metrics statements="52" coveredstatements="36" conditionals="10" coveredconditionals="3" methods="21" coveredmethods="8" elements="83" coveredelements="47" complexity="0" loc="52" ncloc="52" packages="3" files="6" classes="6"/>
    <package name="components">
      <metrics statements="27" coveredstatements="22" conditionals="6" coveredconditionals="3" methods="10" coveredmethods="5"/>
      <file name="ErrorMessage.tsx" path="/Users/juepark/react-practice-form/src/components/ErrorMessage.tsx">
        <metrics statements="3" coveredstatements="3" conditionals="0" coveredconditionals="0" methods="1" coveredmethods="1"/>
        <line num="3" count="1" type="stmt"/>
        <line num="4" count="6" type="stmt"/>
        <line num="18" count="1" type="stmt"/>
      </file>
      <file name="SimpleForm.tsx" path="/Users/juepark/react-practice-form/src/components/SimpleForm.tsx">
        <metrics statements="17" coveredstatements="13" conditionals="4" coveredconditionals="1" methods="7" coveredmethods="3"/>
        <line num="1" count="1" type="stmt"/>
        <line num="7" count="1" type="stmt"/>
        <line num="9" count="1" type="stmt"/>
        <line num="16" count="1" type="stmt"/>
        <line num="17" count="6" type="stmt"/>
        <line num="18" count="6" type="stmt"/>
        <line num="19" count="6" type="stmt"/>
        <line num="20" count="6" type="stmt"/>
        <line num="23" count="6" type="stmt"/>
        <line num="24" count="6" type="stmt"/>
        <line num="27" count="6" type="stmt"/>
        <line num="28" count="0" type="stmt"/>
        <line num="29" count="0" type="cond" truecount="0" falsecount="2"/>
        <line num="30" count="0" type="stmt"/>
        <line num="32" count="0" type="stmt"/>
        <line num="36" count="6" type="stmt"/>
        <line num="48" count="1" type="stmt"/>
      </file>
      <file name="TextField.tsx" path="/Users/juepark/react-practice-form/src/components/TextField.tsx">
        <metrics statements="7" coveredstatements="6" conditionals="2" coveredconditionals="2" methods="2" coveredmethods="1"/>
        <line num="3" count="1" type="stmt"/>
        <line num="4" count="1" type="stmt"/>
        <line num="6" count="1" type="stmt"/>
        <line num="13" count="6" type="stmt"/>
        <line num="14" count="6" type="stmt"/>
        <line num="21" count="0" type="stmt"/>
        <line num="32" count="1" type="stmt"/>
      </file>
    </package>
    <package name="hooks">
      <metrics statements="14" coveredstatements="7" conditionals="2" coveredconditionals="0" methods="4" coveredmethods="1"/>
      <file name="useInput.tsx" path="/Users/juepark/react-practice-form/src/hooks/useInput.tsx">
        <metrics statements="14" coveredstatements="7" conditionals="2" coveredconditionals="0" methods="4" coveredmethods="1"/>
        <line num="2" count="1" type="stmt"/>
        <line num="3" count="1" type="stmt"/>
        <line num="8" count="6" type="stmt"/>
        <line num="10" count="6" type="stmt"/>
        <line num="11" count="0" type="stmt"/>
        <line num="12" count="0" type="stmt"/>
        <line num="13" count="0" type="cond" truecount="0" falsecount="2"/>
        <line num="14" count="0" type="stmt"/>
        <line num="16" count="0" type="stmt"/>
        <line num="19" count="6" type="stmt"/>
        <line num="21" count="0" type="stmt"/>
        <line num="25" count="0" type="stmt"/>
        <line num="33" count="6" type="stmt"/>
        <line num="36" count="1" type="stmt"/>
      </file>
    </package>
    <package name="utils">
      <metrics statements="11" coveredstatements="7" conditionals="2" coveredconditionals="0" methods="7" coveredmethods="2"/>
      <file name="util.ts" path="/Users/juepark/react-practice-form/src/utils/util.ts">
        <metrics statements="3" coveredstatements="3" conditionals="0" coveredconditionals="0" methods="3" coveredmethods="0"/>
        <line num="1" count="1" type="stmt"/>
        <line num="3" count="1" type="stmt"/>
        <line num="5" count="1" type="stmt"/>
      </file>
      <file name="validationUtil.ts" path="/Users/juepark/react-practice-form/src/utils/validationUtil.ts">
        <metrics statements="8" coveredstatements="4" conditionals="2" coveredconditionals="0" methods="4" coveredmethods="2"/>
        <line num="1" count="1" type="stmt"/>
        <line num="2" count="6" type="stmt"/>
        <line num="3" count="0" type="cond" truecount="0" falsecount="1"/>
        <line num="4" count="0" type="stmt"/>
        <line num="7" count="1" type="stmt"/>
        <line num="8" count="6" type="stmt"/>
        <line num="9" count="0" type="cond" truecount="0" falsecount="1"/>
        <line num="10" count="0" type="stmt"/>
      </file>
    </package>
  </project>
</coverage>
