{"/Users/juepark/react-practice-form/src/components/ErrorMessage.tsx": {"path":"/Users/juepark/react-practice-form/src/components/ErrorMessage.tsx","statementMap":{"0":{"start":{"line":3,"column":21},"end":{"line":17,"column":1}},"1":{"start":{"line":4,"column":2},"end":{"line":16,"column":4}},"2":{"start":{"line":18,"column":0},"end":{"line":18,"column":28}}},"fnMap":{"0":{"name":"(anonymous_0)","decl":{"start":{"line":3,"column":21},"end":{"line":3,"column":22}},"loc":{"start":{"line":3,"column":61},"end":{"line":17,"column":1}}}},"branchMap":{},"s":{"0":1,"1":6,"2":1},"f":{"0":6},"b":{}}
,"/Users/juepark/react-practice-form/src/components/SimpleForm.tsx": {"path":"/Users/juepark/react-practice-form/src/components/SimpleForm.tsx","statementMap":{"0":{"start":{"line":1,"column":0},"end":{"line":1,"column":null}},"1":{"start":{"line":7,"column":0},"end":{"line":7,"column":46}},"2":{"start":{"line":9,"column":13},"end":{"line":14,"column":3}},"3":{"start":{"line":16,"column":19},"end":{"line":46,"column":1}},"4":{"start":{"line":17,"column":30},"end":{"line":17,"column":42}},"5":{"start":{"line":18,"column":30},"end":{"line":18,"column":42}},"6":{"start":{"line":19,"column":16},"end":{"line":21,"column":null}},"7":{"start":{"line":20,"column":11},"end":{"line":20,"column":51}},"8":{"start":{"line":23,"column":19},"end":{"line":25,"column":14}},"9":{"start":{"line":24,"column":4},"end":{"line":24,"column":48}},"10":{"start":{"line":24,"column":45},"end":{"line":24,"column":46}},"11":{"start":{"line":27,"column":18},"end":{"line":34,"column":3}},"12":{"start":{"line":28,"column":4},"end":{"line":28,"column":23}},"13":{"start":{"line":29,"column":4},"end":{"line":33,"column":null}},"14":{"start":{"line":30,"column":6},"end":{"line":30,"column":34}},"15":{"start":{"line":32,"column":6},"end":{"line":32,"column":36}},"16":{"start":{"line":36,"column":2},"end":{"line":45,"column":4}},"17":{"start":{"line":48,"column":0},"end":{"line":48,"column":26}}},"fnMap":{"0":{"name":"(anonymous_0)","decl":{"start":{"line":10,"column":13},"end":{"line":10,"column":14}},"loc":{"start":{"line":10,"column":24},"end":{"line":10,"column":27}}},"1":{"name":"(anonymous_1)","decl":{"start":{"line":12,"column":13},"end":{"line":12,"column":14}},"loc":{"start":{"line":12,"column":26},"end":{"line":12,"column":29}}},"2":{"name":"(anonymous_2)","decl":{"start":{"line":16,"column":19},"end":{"line":16,"column":20}},"loc":{"start":{"line":16,"column":59},"end":{"line":46,"column":1}}},"3":{"name":"(anonymous_3)","decl":{"start":{"line":20,"column":4},"end":{"line":20,"column":7}},"loc":{"start":{"line":20,"column":11},"end":{"line":20,"column":51}}},"4":{"name":"(anonymous_4)","decl":{"start":{"line":23,"column":27},"end":{"line":23,"column":30}},"loc":{"start":{"line":23,"column":32},"end":{"line":25,"column":3}}},"5":{"name":"(anonymous_5)","decl":{"start":{"line":24,"column":38},"end":{"line":24,"column":39}},"loc":{"start":{"line":24,"column":45},"end":{"line":24,"column":46}}},"6":{"name":"(anonymous_6)","decl":{"start":{"line":27,"column":18},"end":{"line":27,"column":19}},"loc":{"start":{"line":27,"column":29},"end":{"line":34,"column":3}}}},"branchMap":{"0":{"loc":{"start":{"line":29,"column":4},"end":{"line":33,"column":null}},"type":"if","locations":[{"start":{"line":29,"column":4},"end":{"line":33,"column":null}},{"start":{"line":31,"column":11},"end":{"line":33,"column":null}}]},"1":{"loc":{"start":{"line":41,"column":11},"end":{"line":41,"column":36}},"type":"cond-expr","locations":[{"start":{"line":41,"column":22},"end":{"line":41,"column":29}},{"start":{"line":41,"column":32},"end":{"line":41,"column":36}}]}},"s":{"0":1,"1":1,"2":1,"3":1,"4":6,"5":6,"6":6,"7":6,"8":6,"9":6,"10":0,"11":6,"12":0,"13":0,"14":0,"15":0,"16":6,"17":1},"f":{"0":0,"1":0,"2":6,"3":6,"4":6,"5":0,"6":0},"b":{"0":[0,0],"1":[0,6]}}
,"/Users/juepark/react-practice-form/src/components/TextField.tsx": {"path":"/Users/juepark/react-practice-form/src/components/TextField.tsx","statementMap":{"0":{"start":{"line":3,"column":0},"end":{"line":3,"column":41}},"1":{"start":{"line":4,"column":0},"end":{"line":4,"column":42}},"2":{"start":{"line":6,"column":49},"end":{"line":30,"column":1}},"3":{"start":{"line":13,"column":37},"end":{"line":13,"column":67}},"4":{"start":{"line":14,"column":2},"end":{"line":29,"column":4}},"5":{"start":{"line":21,"column":27},"end":{"line":21,"column":51}},"6":{"start":{"line":32,"column":0},"end":{"line":32,"column":25}}},"fnMap":{"0":{"name":"(anonymous_1)","decl":{"start":{"line":6,"column":49},"end":{"line":6,"column":50}},"loc":{"start":{"line":12,"column":5},"end":{"line":30,"column":1}}},"1":{"name":"(anonymous_2)","decl":{"start":{"line":21,"column":20},"end":{"line":21,"column":21}},"loc":{"start":{"line":21,"column":27},"end":{"line":21,"column":51}}}},"branchMap":{"0":{"loc":{"start":{"line":20,"column":17},"end":{"line":20,"column":28}},"type":"binary-expr","locations":[{"start":{"line":20,"column":17},"end":{"line":20,"column":22}},{"start":{"line":20,"column":26},"end":{"line":20,"column":28}}]}},"s":{"0":1,"1":1,"2":1,"3":6,"4":6,"5":0,"6":1},"f":{"0":6,"1":0},"b":{"0":[6,6]}}
,"/Users/juepark/react-practice-form/src/hooks/useInput.tsx": {"path":"/Users/juepark/react-practice-form/src/hooks/useInput.tsx","statementMap":{"0":{"start":{"line":2,"column":0},"end":{"line":2,"column":53}},"1":{"start":{"line":3,"column":0},"end":{"line":3,"column":55}},"2":{"start":{"line":8,"column":51},"end":{"line":8,"column":74}},"3":{"start":{"line":10,"column":19},"end":{"line":17,"column":3}},"4":{"start":{"line":11,"column":24},"end":{"line":11,"column":26}},"5":{"start":{"line":12,"column":4},"end":{"line":15,"column":7}},"6":{"start":{"line":13,"column":6},"end":{"line":14,"column":29}},"7":{"start":{"line":13,"column":17},"end":{"line":13,"column":29}},"8":{"start":{"line":14,"column":11},"end":{"line":14,"column":29}},"9":{"start":{"line":16,"column":4},"end":{"line":16,"column":17}},"10":{"start":{"line":19,"column":19},"end":{"line":30,"column":null}},"11":{"start":{"line":21,"column":6},"end":{"line":24,"column":9}},"12":{"start":{"line":25,"column":6},"end":{"line":28,"column":9}},"13":{"start":{"line":33,"column":2},"end":{"line":33,"column":80}},"14":{"start":{"line":36,"column":0},"end":{"line":36,"column":24}}},"fnMap":{"0":{"name":"useInput","decl":{"start":{"line":7,"column":9},"end":{"line":7,"column":17}},"loc":{"start":{"line":7,"column":38},"end":{"line":34,"column":1}}},"1":{"name":"(anonymous_7)","decl":{"start":{"line":10,"column":19},"end":{"line":10,"column":20}},"loc":{"start":{"line":10,"column":35},"end":{"line":17,"column":3}}},"2":{"name":"(anonymous_8)","decl":{"start":{"line":12,"column":25},"end":{"line":12,"column":26}},"loc":{"start":{"line":12,"column":31},"end":{"line":15,"column":5}}},"3":{"name":"(anonymous_9)","decl":{"start":{"line":20,"column":4},"end":{"line":20,"column":5}},"loc":{"start":{"line":20,"column":37},"end":{"line":29,"column":5}}}},"branchMap":{"0":{"loc":{"start":{"line":13,"column":6},"end":{"line":14,"column":29}},"type":"if","locations":[{"start":{"line":13,"column":6},"end":{"line":14,"column":29}},{"start":{"line":14,"column":11},"end":{"line":14,"column":29}}]}},"s":{"0":1,"1":1,"2":6,"3":6,"4":0,"5":0,"6":0,"7":0,"8":0,"9":0,"10":6,"11":0,"12":0,"13":6,"14":1},"f":{"0":6,"1":0,"2":0,"3":0},"b":{"0":[0,0]}}
,"/Users/juepark/react-practice-form/src/utils/util.ts": {"path":"/Users/juepark/react-practice-form/src/utils/util.ts","statementMap":{"0":{"start":{"line":1,"column":29},"end":{"line":1,"column":66}},"1":{"start":{"line":1,"column":48},"end":{"line":1,"column":66}},"2":{"start":{"line":1,"column":13},"end":{"line":1,"column":29}},"3":{"start":{"line":3,"column":24},"end":{"line":3,"column":69}},"4":{"start":{"line":3,"column":40},"end":{"line":3,"column":69}},"5":{"start":{"line":3,"column":13},"end":{"line":3,"column":24}},"6":{"start":{"line":5,"column":29},"end":{"line":5,"column":79}},"7":{"start":{"line":5,"column":48},"end":{"line":5,"column":79}},"8":{"start":{"line":5,"column":13},"end":{"line":5,"column":29}}},"fnMap":{"0":{"name":"(anonymous_0)","decl":{"start":{"line":1,"column":29},"end":{"line":1,"column":30}},"loc":{"start":{"line":1,"column":48},"end":{"line":1,"column":66}}},"1":{"name":"(anonymous_1)","decl":{"start":{"line":3,"column":24},"end":{"line":3,"column":25}},"loc":{"start":{"line":3,"column":40},"end":{"line":3,"column":69}}},"2":{"name":"(anonymous_2)","decl":{"start":{"line":5,"column":29},"end":{"line":5,"column":30}},"loc":{"start":{"line":5,"column":48},"end":{"line":5,"column":79}}}},"branchMap":{},"s":{"0":1,"1":0,"2":1,"3":1,"4":0,"5":1,"6":1,"7":0,"8":1},"f":{"0":0,"1":0,"2":0},"b":{}}
,"/Users/juepark/react-practice-form/src/utils/validationUtil.ts": {"path":"/Users/juepark/react-practice-form/src/utils/validationUtil.ts","statementMap":{"0":{"start":{"line":1,"column":19},"end":{"line":6,"column":1}},"1":{"start":{"line":2,"column":2},"end":{"line":5,"column":4}},"2":{"start":{"line":3,"column":4},"end":{"line":3,"column":64}},"3":{"start":{"line":3,"column":33},"end":{"line":3,"column":64}},"4":{"start":{"line":4,"column":4},"end":{"line":4,"column":14}},"5":{"start":{"line":1,"column":13},"end":{"line":1,"column":19}},"6":{"start":{"line":7,"column":19},"end":{"line":12,"column":1}},"7":{"start":{"line":8,"column":2},"end":{"line":11,"column":4}},"8":{"start":{"line":9,"column":4},"end":{"line":9,"column":64}},"9":{"start":{"line":9,"column":33},"end":{"line":9,"column":64}},"10":{"start":{"line":10,"column":4},"end":{"line":10,"column":14}},"11":{"start":{"line":7,"column":13},"end":{"line":7,"column":19}}},"fnMap":{"0":{"name":"(anonymous_0)","decl":{"start":{"line":1,"column":19},"end":{"line":1,"column":20}},"loc":{"start":{"line":1,"column":38},"end":{"line":6,"column":1}}},"1":{"name":"(anonymous_1)","decl":{"start":{"line":2,"column":9},"end":{"line":2,"column":10}},"loc":{"start":{"line":2,"column":25},"end":{"line":5,"column":3}}},"2":{"name":"(anonymous_2)","decl":{"start":{"line":7,"column":19},"end":{"line":7,"column":20}},"loc":{"start":{"line":7,"column":38},"end":{"line":12,"column":1}}},"3":{"name":"(anonymous_3)","decl":{"start":{"line":8,"column":9},"end":{"line":8,"column":10}},"loc":{"start":{"line":8,"column":25},"end":{"line":11,"column":3}}}},"branchMap":{"0":{"loc":{"start":{"line":3,"column":4},"end":{"line":3,"column":64}},"type":"if","locations":[{"start":{"line":3,"column":4},"end":{"line":3,"column":64}}]},"1":{"loc":{"start":{"line":9,"column":4},"end":{"line":9,"column":64}},"type":"if","locations":[{"start":{"line":9,"column":4},"end":{"line":9,"column":64}}]}},"s":{"0":1,"1":6,"2":0,"3":0,"4":0,"5":1,"6":1,"7":6,"8":0,"9":0,"10":0,"11":1},"f":{"0":6,"1":0,"2":6,"3":0},"b":{"0":[0],"1":[0]}}
}
