TN:
SF:src/components/ErrorMessage.tsx
FN:3,(anonymous_0)
FNF:1
FNH:1
FNDA:2,(anonymous_0)
DA:3,1
DA:4,2
DA:17,1
LF:3
LH:3
BRF:0
BRH:0
end_of_record
TN:
SF:src/components/SimpleForm.tsx
FN:4,(anonymous_6)
FN:6,(anonymous_7)
FN:10,(anonymous_8)
FN:14,(anonymous_9)
FN:17,(anonymous_10)
FN:18,(anonymous_11)
FN:21,(anonymous_12)
FNF:7
FNH:0
FNDA:0,(anonymous_6)
FNDA:0,(anonymous_7)
FNDA:0,(anonymous_8)
FNDA:0,(anonymous_9)
FNDA:0,(anonymous_10)
FNDA:0,(anonymous_11)
FNDA:0,(anonymous_12)
DA:1,1
DA:3,1
DA:10,1
DA:11,0
DA:12,0
DA:13,0
DA:14,0
DA:17,0
DA:18,0
DA:21,0
DA:22,0
DA:23,0
DA:24,0
DA:26,0
DA:30,0
DA:42,1
LF:16
LH:4
BRDA:23,0,0,0
BRDA:23,0,1,0
BRF:2
BRH:0
end_of_record
TN:
SF:src/components/TextField.tsx
FN:6,(anonymous_1)
FN:21,(anonymous_2)
FNF:2
FNH:1
FNDA:2,(anonymous_1)
FNDA:0,(anonymous_2)
DA:3,1
DA:4,1
DA:6,1
DA:13,2
DA:14,2
DA:21,0
DA:32,1
LF:7
LH:6
BRDA:20,0,0,2
BRDA:20,0,1,2
BRF:2
BRH:2
end_of_record
TN:
SF:src/hooks/useInput.tsx
FN:7,useInput
FN:10,(anonymous_7)
FN:12,(anonymous_8)
FN:20,(anonymous_9)
FNF:4
FNH:1
FNDA:2,useInput
FNDA:0,(anonymous_7)
FNDA:0,(anonymous_8)
FNDA:0,(anonymous_9)
DA:2,1
DA:3,1
DA:8,2
DA:10,2
DA:11,0
DA:12,0
DA:13,0
DA:14,0
DA:16,0
DA:19,2
DA:21,0
DA:25,0
DA:33,2
DA:36,1
LF:14
LH:7
BRDA:13,0,0,0
BRDA:13,0,1,0
BRF:2
BRH:0
end_of_record
TN:
SF:src/utils/validationUtil.ts
FN:1,(anonymous_0)
FN:2,(anonymous_1)
FN:7,(anonymous_2)
FN:8,(anonymous_3)
FNF:4
FNH:2
FNDA:2,(anonymous_0)
FNDA:0,(anonymous_1)
FNDA:2,(anonymous_2)
FNDA:0,(anonymous_3)
DA:1,1
DA:2,2
DA:3,0
DA:4,0
DA:7,1
DA:8,2
DA:9,0
DA:10,0
LF:8
LH:4
BRDA:3,0,0,0
BRDA:9,1,0,0
BRF:2
BRH:0
end_of_record
