TN:
SF:src/components/ErrorMessage.tsx
FN:3,(anonymous_0)
FNF:1
FNH:1
FNDA:6,(anonymous_0)
DA:3,1
DA:4,6
DA:18,1
LF:3
LH:3
BRF:0
BRH:0
end_of_record
TN:
SF:src/components/SimpleForm.tsx
FN:10,(anonymous_0)
FN:12,(anonymous_1)
FN:16,(anonymous_2)
FN:20,(anonymous_3)
FN:23,(anonymous_4)
FN:24,(anonymous_5)
FN:27,(anonymous_6)
FNF:7
FNH:3
FNDA:0,(anonymous_0)
FNDA:0,(anonymous_1)
FNDA:6,(anonymous_2)
FNDA:6,(anonymous_3)
FNDA:6,(anonymous_4)
FNDA:0,(anonymous_5)
FNDA:0,(anonymous_6)
DA:1,1
DA:7,1
DA:9,1
DA:16,1
DA:17,6
DA:18,6
DA:19,6
DA:20,6
DA:23,6
DA:24,6
DA:27,6
DA:28,0
DA:29,0
DA:30,0
DA:32,0
DA:36,6
DA:48,1
LF:17
LH:13
BRDA:29,0,0,0
BRDA:29,0,1,0
BRDA:41,1,0,0
BRDA:41,1,1,6
BRF:4
BRH:1
end_of_record
TN:
SF:src/components/TextField.tsx
FN:6,(anonymous_1)
FN:21,(anonymous_2)
FNF:2
FNH:1
FNDA:6,(anonymous_1)
FNDA:0,(anonymous_2)
DA:3,1
DA:4,1
DA:6,1
DA:13,6
DA:14,6
DA:21,0
DA:32,1
LF:7
LH:6
BRDA:20,0,0,6
BRDA:20,0,1,6
BRF:2
BRH:2
end_of_record
TN:
SF:src/hooks/useInput.tsx
FN:7,useInput
FN:10,(anonymous_7)
FN:12,(anonymous_8)
FN:20,(anonymous_9)
FNF:4
FNH:1
FNDA:6,useInput
FNDA:0,(anonymous_7)
FNDA:0,(anonymous_8)
FNDA:0,(anonymous_9)
DA:2,1
DA:3,1
DA:8,6
DA:10,6
DA:11,0
DA:12,0
DA:13,0
DA:14,0
DA:16,0
DA:19,6
DA:21,0
DA:25,0
DA:33,6
DA:36,1
LF:14
LH:7
BRDA:13,0,0,0
BRDA:13,0,1,0
BRF:2
BRH:0
end_of_record
TN:
SF:src/utils/util.ts
FN:1,(anonymous_0)
FN:3,(anonymous_1)
FN:5,(anonymous_2)
FNF:3
FNH:0
FNDA:0,(anonymous_0)
FNDA:0,(anonymous_1)
FNDA:0,(anonymous_2)
DA:1,1
DA:3,1
DA:5,1
LF:3
LH:3
BRF:0
BRH:0
end_of_record
TN:
SF:src/utils/validationUtil.ts
FN:1,(anonymous_0)
FN:2,(anonymous_1)
FN:7,(anonymous_2)
FN:8,(anonymous_3)
FNF:4
FNH:2
FNDA:6,(anonymous_0)
FNDA:0,(anonymous_1)
FNDA:6,(anonymous_2)
FNDA:0,(anonymous_3)
DA:1,1
DA:2,6
DA:3,0
DA:4,0
DA:7,1
DA:8,6
DA:9,0
DA:10,0
LF:8
LH:4
BRDA:3,0,0,0
BRDA:9,1,0,0
BRF:2
BRH:0
end_of_record
